x = 10 f = 10000 g = 4000
--- alpha = 1
--- alpha = 0.5
--- alpha = 0.25
--- alpha = 0.125
--- alpha = 0.0625
--- alpha = 0.03125
--- alpha = 0.015625
--- alpha = 0.0078125
--- alpha = 0.00390625
x = -5.625 f = 1001.13 g = -711.914
--- alpha = 1
x = -3.26425 f = 113.536 g = -139.126
--- alpha = 1
x = -2.69084 f = 52.4264 g = -77.9332
--- alpha = 1
x = -1.96056 f = 14.7749 g = -30.1442
--- alpha = 1
x = -1.49993 f = 5.0615 g = -13.498
--- alpha = 1
x = -1.1264 f = 1.60982 g = -5.71667
--- alpha = 1
x = -0.851991 f = 0.526916 g = -2.47381
--- alpha = 1
x = -0.642657 f = 0.170575 g = -1.06169
--- alpha = 1
x = -0.48527 f = 0.0554542 g = -0.457099
--- alpha = 1
x = -0.366278 f = 0.0179988 g = -0.196559
--- alpha = 1
x = -0.276507 f = 0.00584555 g = -0.0845628
--- alpha = 1
x = -0.208726 f = 0.00189803 g = -0.0363737
--- alpha = 1
x = -0.157563 f = 0.00061634 g = -0.0156468
--- alpha = 1
x = -0.118941 f = 0.000200135 g = -0.00673057
--- alpha = 1
x = -0.0897858 f = 6.49876e-05 g = -0.00289523
--- alpha = 1
x = -0.0677773 f = 2.11026e-05 g = -0.00124541
--- alpha = 1
x = -0.0511635 f = 6.8524e-06 g = -0.000535725
--- alpha = 1
x = -0.0386222 f = 2.2251e-06 g = -0.000230447
--- alpha = 1
x = -0.029155 f = 7.22529e-07 g = -9.91291e-05
--- alpha = 1
x = -0.0220085 f = 2.34618e-07 g = -4.26414e-05
--- alpha = 1
x = -0.0166137 f = 7.61847e-08 g = -1.83426e-05
--- alpha = 1
x = -0.0125413 f = 2.47385e-08 g = -7.89024e-06
--- alpha = 1
x = -0.00946717 f = 8.03305e-09 g = -3.39406e-06
--- alpha = 1
x = -0.00714655 f = 2.60847e-09 g = -1.45999e-06
--- alpha = 1
x = -0.00539477 f = 8.47018e-10 g = -6.28029e-07
--- alpha = 1
x = -0.00407239 f = 2.75042e-10 g = -2.70153e-07
Program ended with exit code: 0
